execve("./filemap", ["./filemap"], [/* 17 vars */]) = 0
brk(NULL)                               = 0x2337000
access("/etc/ld.so.nohwcap", F_OK)      = -1 ENOENT (No such file or directory)
access("/etc/ld.so.preload", R_OK)      = -1 ENOENT (No such file or directory)
open("/etc/ld.so.cache", O_RDONLY|O_CLOEXEC) = 3
fstat(3, {st_mode=S_IFREG|0644, st_size=23825, ...}) = 0
mmap(NULL, 23825, PROT_READ, MAP_PRIVATE, 3, 0) = 0x7fee45f8e000
close(3)                                = 0
access("/etc/ld.so.nohwcap", F_OK)      = -1 ENOENT (No such file or directory)
open("/lib/x86_64-linux-gnu/libc.so.6", O_RDONLY|O_CLOEXEC) = 3
read(3, "\177ELF\2\1\1\3\0\0\0\0\0\0\0\0\3\0>\0\1\0\0\0P\t\2\0\0\0\0\0"..., 832) = 832
fstat(3, {st_mode=S_IFREG|0755, st_size=1868984, ...}) = 0
mmap(NULL, 4096, PROT_READ|PROT_WRITE, MAP_PRIVATE|MAP_ANONYMOUS, -1, 0) = 0x7fee45f8d000
mmap(NULL, 3971488, PROT_READ|PROT_EXEC, MAP_PRIVATE|MAP_DENYWRITE, 3, 0) = 0x7fee459a5000
mprotect(0x7fee45b65000, 2097152, PROT_NONE) = 0
mmap(0x7fee45d65000, 24576, PROT_READ|PROT_WRITE, MAP_PRIVATE|MAP_FIXED|MAP_DENYWRITE, 3, 0x1c0000) = 0x7fee45d65000
mmap(0x7fee45d6b000, 14752, PROT_READ|PROT_WRITE, MAP_PRIVATE|MAP_FIXED|MAP_ANONYMOUS, -1, 0) = 0x7fee45d6b000
close(3)                                = 0
mmap(NULL, 4096, PROT_READ|PROT_WRITE, MAP_PRIVATE|MAP_ANONYMOUS, -1, 0) = 0x7fee45f8c000
mmap(NULL, 4096, PROT_READ|PROT_WRITE, MAP_PRIVATE|MAP_ANONYMOUS, -1, 0) = 0x7fee45f8b000
arch_prctl(ARCH_SET_FS, 0x7fee45f8c700) = 0
mprotect(0x7fee45d65000, 16384, PROT_READ) = 0
mprotect(0x601000, 4096, PROT_READ)     = 0
mprotect(0x7fee45f94000, 4096, PROT_READ) = 0
munmap(0x7fee45f8e000, 23825)           = 0
getpid()                                = 3419
fstat(1, {st_mode=S_IFREG|0644, st_size=0, ...}) = 0
brk(NULL)                               = 0x2337000
brk(0x2359000)                          = 0x2359000
write(1, "*** memory map before mapping fi"..., 35) = 35
rt_sigaction(SIGINT, {SIG_IGN, [], SA_RESTORER, 0x7fee459da4b0}, {SIG_DFL, [], 0}, 8) = 0
rt_sigaction(SIGQUIT, {SIG_IGN, [], SA_RESTORER, 0x7fee459da4b0}, {SIG_DFL, [], 0}, 8) = 0
rt_sigprocmask(SIG_BLOCK, [CHLD], [], 8) = 0
clone(child_stack=0, flags=CLONE_PARENT_SETTID|SIGCHLD, parent_tidptr=0x7ffca49d583c) = 3420
wait4(3420, [{WIFEXITED(s) && WEXITSTATUS(s) == 0}], 0, NULL) = 3420
rt_sigaction(SIGINT, {SIG_DFL, [], SA_RESTORER, 0x7fee459da4b0}, NULL, 8) = 0
rt_sigaction(SIGQUIT, {SIG_DFL, [], SA_RESTORER, 0x7fee459da4b0}, NULL, 8) = 0
rt_sigprocmask(SIG_SETMASK, [], NULL, 8) = 0
--- SIGCHLD {si_signo=SIGCHLD, si_code=CLD_EXITED, si_pid=3420, si_uid=0, si_status=0, si_utime=0, si_stime=0} ---
open("testfile", O_RDWR)                = 3
mmap(NULL, 104857600, PROT_READ|PROT_WRITE, MAP_SHARED, 3, 0) = 0x7fee3f5a5000
write(1, "\n*** succeeded to map file: addr"..., 112) = 112
rt_sigaction(SIGINT, {SIG_IGN, [], SA_RESTORER, 0x7fee459da4b0}, {SIG_DFL, [], SA_RESTORER, 0x7fee459da4b0}, 8) = 0
rt_sigaction(SIGQUIT, {SIG_IGN, [], SA_RESTORER, 0x7fee459da4b0}, {SIG_DFL, [], SA_RESTORER, 0x7fee459da4b0}, 8) = 0
rt_sigprocmask(SIG_BLOCK, [CHLD], [], 8) = 0
clone(child_stack=0, flags=CLONE_PARENT_SETTID|SIGCHLD, parent_tidptr=0x7ffca49d583c) = 3422
wait4(3422, [{WIFEXITED(s) && WEXITSTATUS(s) == 0}], 0, NULL) = 3422
rt_sigaction(SIGINT, {SIG_DFL, [], SA_RESTORER, 0x7fee459da4b0}, NULL, 8) = 0
rt_sigaction(SIGQUIT, {SIG_DFL, [], SA_RESTORER, 0x7fee459da4b0}, NULL, 8) = 0
rt_sigprocmask(SIG_SETMASK, [], NULL, 8) = 0
--- SIGCHLD {si_signo=SIGCHLD, si_code=CLD_EXITED, si_pid=3422, si_uid=0, si_status=0, si_utime=0, si_stime=0} ---
munmap(0x7fee3f5a5000, 104857600)       = 0
close(3)                                = 0
write(1, "\n*** file contents before overwr"..., 101) = 101
exit_group(0)                           = ?
+++ exited with 0 +++
