execve("./hello", ["./hello"], [/* 14 vars */]) = 0 <0.004587>
brk(NULL)                               = 0x2400000 <0.000201>
access("/etc/ld.so.nohwcap", F_OK)      = -1 ENOENT (No such file or directory) <0.000224>
access("/etc/ld.so.preload", R_OK)      = -1 ENOENT (No such file or directory) <0.000209>
open("/etc/ld.so.cache", O_RDONLY|O_CLOEXEC) = 3 <0.000262>
fstat(3, {st_mode=S_IFREG|0644, st_size=23723, ...}) = 0 <0.000246>
mmap(NULL, 23723, PROT_READ, MAP_PRIVATE, 3, 0) = 0x7f8b05313000 <0.000325>
close(3)                                = 0 <0.000233>
access("/etc/ld.so.nohwcap", F_OK)      = -1 ENOENT (No such file or directory) <0.000241>
open("/lib/x86_64-linux-gnu/libc.so.6", O_RDONLY|O_CLOEXEC) = 3 <0.000253>
read(3, "\177ELF\2\1\1\3\0\0\0\0\0\0\0\0\3\0>\0\1\0\0\0P\t\2\0\0\0\0\0"..., 832) = 832 <0.000240>
fstat(3, {st_mode=S_IFREG|0755, st_size=1868984, ...}) = 0 <0.000300>
mmap(NULL, 4096, PROT_READ|PROT_WRITE, MAP_PRIVATE|MAP_ANONYMOUS, -1, 0) = 0x7f8b05312000 <0.000332>
mmap(NULL, 3971488, PROT_READ|PROT_EXEC, MAP_PRIVATE|MAP_DENYWRITE, 3, 0) = 0x7f8b04d2a000 <0.000257>
mprotect(0x7f8b04eea000, 2097152, PROT_NONE) = 0 <0.000273>
mmap(0x7f8b050ea000, 24576, PROT_READ|PROT_WRITE, MAP_PRIVATE|MAP_FIXED|MAP_DENYWRITE, 3, 0x1c0000) = 0x7f8b050ea000 <0.000271>
mmap(0x7f8b050f0000, 14752, PROT_READ|PROT_WRITE, MAP_PRIVATE|MAP_FIXED|MAP_ANONYMOUS, -1, 0) = 0x7f8b050f0000 <0.000246>
close(3)                                = 0 <0.000221>
mmap(NULL, 4096, PROT_READ|PROT_WRITE, MAP_PRIVATE|MAP_ANONYMOUS, -1, 0) = 0x7f8b05311000 <0.000200>
mmap(NULL, 4096, PROT_READ|PROT_WRITE, MAP_PRIVATE|MAP_ANONYMOUS, -1, 0) = 0x7f8b05310000 <0.000212>
arch_prctl(ARCH_SET_FS, 0x7f8b05311700) = 0 <0.000200>
mprotect(0x7f8b050ea000, 16384, PROT_READ) = 0 <0.000186>
mprotect(0x600000, 4096, PROT_READ)     = 0 <0.000244>
mprotect(0x7f8b05319000, 4096, PROT_READ) = 0 <0.000179>
munmap(0x7f8b05313000, 23723)           = 0 <0.000198>
fstat(1, {st_mode=S_IFCHR|0620, st_rdev=makedev(136, 1), ...}) = 0 <0.000185>
brk(NULL)                               = 0x2400000 <0.000164>
brk(0x2421000)                          = 0x2421000 <0.000169>
write(1, "hello, world\n", 13)          = 13 <0.000183>
exit_group(0)                           = ?
+++ exited with 0 +++
