execve("./cow", ["./cow"], [/* 17 vars */]) = 0
brk(NULL)                               = 0xd9e000
access("/etc/ld.so.nohwcap", F_OK)      = -1 ENOENT (No such file or directory)
access("/etc/ld.so.preload", R_OK)      = -1 ENOENT (No such file or directory)
open("/etc/ld.so.cache", O_RDONLY|O_CLOEXEC) = 3
fstat(3, {st_mode=S_IFREG|0644, st_size=23825, ...}) = 0
mmap(NULL, 23825, PROT_READ, MAP_PRIVATE, 3, 0) = 0x7fe1936bd000
close(3)                                = 0
access("/etc/ld.so.nohwcap", F_OK)      = -1 ENOENT (No such file or directory)
open("/lib/x86_64-linux-gnu/libc.so.6", O_RDONLY|O_CLOEXEC) = 3
read(3, "\177ELF\2\1\1\3\0\0\0\0\0\0\0\0\3\0>\0\1\0\0\0P\t\2\0\0\0\0\0"..., 832) = 832
fstat(3, {st_mode=S_IFREG|0755, st_size=1868984, ...}) = 0
mmap(NULL, 4096, PROT_READ|PROT_WRITE, MAP_PRIVATE|MAP_ANONYMOUS, -1, 0) = 0x7fe1936bc000
mmap(NULL, 3971488, PROT_READ|PROT_EXEC, MAP_PRIVATE|MAP_DENYWRITE, 3, 0) = 0x7fe1930d4000
mprotect(0x7fe193294000, 2097152, PROT_NONE) = 0
mmap(0x7fe193494000, 24576, PROT_READ|PROT_WRITE, MAP_PRIVATE|MAP_FIXED|MAP_DENYWRITE, 3, 0x1c0000) = 0x7fe193494000
mmap(0x7fe19349a000, 14752, PROT_READ|PROT_WRITE, MAP_PRIVATE|MAP_FIXED|MAP_ANONYMOUS, -1, 0) = 0x7fe19349a000
close(3)                                = 0
mmap(NULL, 4096, PROT_READ|PROT_WRITE, MAP_PRIVATE|MAP_ANONYMOUS, -1, 0) = 0x7fe1936bb000
mmap(NULL, 4096, PROT_READ|PROT_WRITE, MAP_PRIVATE|MAP_ANONYMOUS, -1, 0) = 0x7fe1936ba000
arch_prctl(ARCH_SET_FS, 0x7fe1936bb700) = 0
mprotect(0x7fe193494000, 16384, PROT_READ) = 0
mprotect(0x600000, 4096, PROT_READ)     = 0
mprotect(0x7fe1936c3000, 4096, PROT_READ) = 0
munmap(0x7fe1936bd000, 23825)           = 0
mmap(NULL, 104861696, PROT_READ|PROT_WRITE, MAP_PRIVATE|MAP_ANONYMOUS, -1, 0) = 0x7fe18ccd3000
fstat(1, {st_mode=S_IFREG|0644, st_size=0, ...}) = 0
brk(NULL)                               = 0xd9e000
brk(0xdc0000)                           = 0xdc0000
write(1, "*** free memory info before fork"..., 38) = 38
rt_sigaction(SIGINT, {SIG_IGN, [], SA_RESTORER, 0x7fe1931094b0}, {SIG_DFL, [], 0}, 8) = 0
rt_sigaction(SIGQUIT, {SIG_IGN, [], SA_RESTORER, 0x7fe1931094b0}, {SIG_DFL, [], 0}, 8) = 0
rt_sigprocmask(SIG_BLOCK, [CHLD], [], 8) = 0
clone(child_stack=0, flags=CLONE_PARENT_SETTID|SIGCHLD, parent_tidptr=0x7fff16390c3c) = 4722
wait4(4722, [{WIFEXITED(s) && WEXITSTATUS(s) == 0}], 0, NULL) = 4722
rt_sigaction(SIGINT, {SIG_DFL, [], SA_RESTORER, 0x7fe1931094b0}, NULL, 8) = 0
rt_sigaction(SIGQUIT, {SIG_DFL, [], SA_RESTORER, 0x7fe1931094b0}, NULL, 8) = 0
rt_sigprocmask(SIG_SETMASK, [], NULL, 8) = 0
--- SIGCHLD {si_signo=SIGCHLD, si_code=CLD_EXITED, si_pid=4722, si_uid=0, si_status=0, si_utime=0, si_stime=0} ---
clone(child_stack=0, flags=CLONE_CHILD_CLEARTID|CLONE_CHILD_SETTID|SIGCHLD, child_tidptr=0x7fe1936bb9d0) = 4724
wait4(-1, NULL, 0, NULL)                = 4724
--- SIGCHLD {si_signo=SIGCHLD, si_code=CLD_EXITED, si_pid=4724, si_uid=0, si_status=0, si_utime=0, si_stime=8} ---
exit_group(0)                           = ?
+++ exited with 0 +++
