execve("./demand_paging", ["./demand_paging"], [/* 17 vars */]) = 0
brk(NULL)                               = 0x1bda000
access("/etc/ld.so.nohwcap", F_OK)      = -1 ENOENT (No such file or directory)
access("/etc/ld.so.preload", R_OK)      = -1 ENOENT (No such file or directory)
open("/etc/ld.so.cache", O_RDONLY|O_CLOEXEC) = 3
fstat(3, {st_mode=S_IFREG|0644, st_size=23825, ...}) = 0
mmap(NULL, 23825, PROT_READ, MAP_PRIVATE, 3, 0) = 0x7ff969e48000
close(3)                                = 0
access("/etc/ld.so.nohwcap", F_OK)      = -1 ENOENT (No such file or directory)
open("/lib/x86_64-linux-gnu/libc.so.6", O_RDONLY|O_CLOEXEC) = 3
read(3, "\177ELF\2\1\1\3\0\0\0\0\0\0\0\0\3\0>\0\1\0\0\0P\t\2\0\0\0\0\0"..., 832) = 832
fstat(3, {st_mode=S_IFREG|0755, st_size=1868984, ...}) = 0
mmap(NULL, 4096, PROT_READ|PROT_WRITE, MAP_PRIVATE|MAP_ANONYMOUS, -1, 0) = 0x7ff969e47000
mmap(NULL, 3971488, PROT_READ|PROT_EXEC, MAP_PRIVATE|MAP_DENYWRITE, 3, 0) = 0x7ff96985f000
mprotect(0x7ff969a1f000, 2097152, PROT_NONE) = 0
mmap(0x7ff969c1f000, 24576, PROT_READ|PROT_WRITE, MAP_PRIVATE|MAP_FIXED|MAP_DENYWRITE, 3, 0x1c0000) = 0x7ff969c1f000
mmap(0x7ff969c25000, 14752, PROT_READ|PROT_WRITE, MAP_PRIVATE|MAP_FIXED|MAP_ANONYMOUS, -1, 0) = 0x7ff969c25000
close(3)                                = 0
mmap(NULL, 4096, PROT_READ|PROT_WRITE, MAP_PRIVATE|MAP_ANONYMOUS, -1, 0) = 0x7ff969e46000
mmap(NULL, 4096, PROT_READ|PROT_WRITE, MAP_PRIVATE|MAP_ANONYMOUS, -1, 0) = 0x7ff969e45000
arch_prctl(ARCH_SET_FS, 0x7ff969e46700) = 0
mprotect(0x7ff969c1f000, 16384, PROT_READ) = 0
mprotect(0x600000, 4096, PROT_READ)     = 0
mprotect(0x7ff969e4e000, 4096, PROT_READ) = 0
munmap(0x7ff969e48000, 23825)           = 0
brk(NULL)                               = 0x1bda000
brk(0x1bfb000)                          = 0x1bfb000
open("/etc/localtime", O_RDONLY|O_CLOEXEC) = 3
fstat(3, {st_mode=S_IFREG|0644, st_size=127, ...}) = 0
fstat(3, {st_mode=S_IFREG|0644, st_size=127, ...}) = 0
read(3, "TZif2\0\0\0\0\0\0\0\0\0\0\0\0\0\0\0\0\0\0\1\0\0\0\1\0\0\0\0"..., 4096) = 127
lseek(3, -71, SEEK_CUR)                 = 56
read(3, "TZif2\0\0\0\0\0\0\0\0\0\0\0\0\0\0\0\0\0\0\1\0\0\0\1\0\0\0\0"..., 4096) = 71
close(3)                                = 0
fstat(1, {st_mode=S_IFREG|0644, st_size=0, ...}) = 0
fstat(0, {st_mode=S_IFCHR|0620, st_rdev=makedev(136, 2), ...}) = 0
read(0, "\n", 1024)                     = 1
mmap(NULL, 104861696, PROT_READ|PROT_WRITE, MAP_PRIVATE|MAP_ANONYMOUS, -1, 0) = 0x7ff96345e000
stat("/etc/localtime", {st_mode=S_IFREG|0644, st_size=127, ...}) = 0
read(0, "\n", 1024)                     = 1
stat("/etc/localtime", {st_mode=S_IFREG|0644, st_size=127, ...}) = 0
nanosleep({1, 0}, 0x7ffdb55516f0)       = 0
stat("/etc/localtime", {st_mode=S_IFREG|0644, st_size=127, ...}) = 0
nanosleep({1, 0}, 0x7ffdb55516f0)       = 0
stat("/etc/localtime", {st_mode=S_IFREG|0644, st_size=127, ...}) = 0
nanosleep({1, 0}, 0x7ffdb55516f0)       = 0
stat("/etc/localtime", {st_mode=S_IFREG|0644, st_size=127, ...}) = 0
nanosleep({1, 0}, 0x7ffdb55516f0)       = 0
stat("/etc/localtime", {st_mode=S_IFREG|0644, st_size=127, ...}) = 0
nanosleep({1, 0}, 0x7ffdb55516f0)       = 0
stat("/etc/localtime", {st_mode=S_IFREG|0644, st_size=127, ...}) = 0
nanosleep({1, 0}, 0x7ffdb55516f0)       = 0
stat("/etc/localtime", {st_mode=S_IFREG|0644, st_size=127, ...}) = 0
nanosleep({1, 0}, 0x7ffdb55516f0)       = 0
stat("/etc/localtime", {st_mode=S_IFREG|0644, st_size=127, ...}) = 0
nanosleep({1, 0}, 0x7ffdb55516f0)       = 0
stat("/etc/localtime", {st_mode=S_IFREG|0644, st_size=127, ...}) = 0
nanosleep({1, 0}, 0x7ffdb55516f0)       = 0
stat("/etc/localtime", {st_mode=S_IFREG|0644, st_size=127, ...}) = 0
read(0, "\n", 1024)                     = 1
stat("/etc/localtime", {st_mode=S_IFREG|0644, st_size=127, ...}) = 0
nanosleep({1, 0}, 0x7ffdb55516f0)       = 0
stat("/etc/localtime", {st_mode=S_IFREG|0644, st_size=127, ...}) = 0
nanosleep({1, 0}, 0x7ffdb55516f0)       = 0
stat("/etc/localtime", {st_mode=S_IFREG|0644, st_size=127, ...}) = 0
nanosleep({1, 0}, 0x7ffdb55516f0)       = 0
stat("/etc/localtime", {st_mode=S_IFREG|0644, st_size=127, ...}) = 0
nanosleep({1, 0}, 0x7ffdb55516f0)       = 0
stat("/etc/localtime", {st_mode=S_IFREG|0644, st_size=127, ...}) = 0
nanosleep({1, 0}, 0x7ffdb55516f0)       = 0
stat("/etc/localtime", {st_mode=S_IFREG|0644, st_size=127, ...}) = 0
nanosleep({1, 0}, 0x7ffdb55516f0)       = 0
stat("/etc/localtime", {st_mode=S_IFREG|0644, st_size=127, ...}) = 0
nanosleep({1, 0}, 0x7ffdb55516f0)       = 0
stat("/etc/localtime", {st_mode=S_IFREG|0644, st_size=127, ...}) = 0
nanosleep({1, 0}, 0x7ffdb55516f0)       = 0
stat("/etc/localtime", {st_mode=S_IFREG|0644, st_size=127, ...}) = 0
nanosleep({1, 0}, 0x7ffdb55516f0)       = 0
stat("/etc/localtime", {st_mode=S_IFREG|0644, st_size=127, ...}) = 0
read(0, "\n", 1024)                     = 1
write(1, "Wed Apr 29 12:49:30 2020: before"..., 964) = 964
exit_group(0)                           = ?
+++ exited with 0 +++
